<?xml version="1.0" encoding="UTF-8"?>
<testsuite xmlns:xsi="http://www.w3.org/2001/XMLSchema-instance" xsi:noNamespaceSchemaLocation="https://maven.apache.org/surefire/maven-surefire-plugin/xsd/surefire-test-report-3.0.xsd" version="3.0" name="com.oms.CartModuleApplicationTests" time="6.111" tests="1" errors="0" skipped="0" failures="0">
  <properties>
[...]
</properties>
  <testcase name="contextLoads" classname="com.oms.CartModuleApplicationTests" time="0.413">
    <system-out><![CDATA[00:23:48.663 [main] INFO org.springframework.test.context.support.AnnotationConfigContextLoaderUtils -- Could not detect default configuration classes for test class [com.oms.CartModuleApplicationTests]: CartModuleApplicationTests does not declare any static, non-private, non-final, nested classes annotated with @Configuration.
00:23:48.766 [main] INFO org.springframework.boot.test.context.SpringBootTestContextBootstrapper -- Found @SpringBootConfiguration com.oms.CartModuleApplication for test class com.oms.CartModuleApplicationTests
00:23:48.920 [main] INFO org.springframework.boot.devtools.restart.RestartApplicationListener -- Restart disabled due to context in which it is running

  .   ____          _            __ _ _
 /\\ / ___'_ __ _ _(_)_ __  __ _ \ \ \ \
( ( )\___ | '_ | '_| | '_ \/ _` | \ \ \ \
 \\/  ___)| |_)| | | | | || (_| |  ) ) ) )
  '  |____| .__|_| |_|_| |_\__, | / / / /
 =========|_|==============|___/=/_/_/_/
 :: Spring Boot ::                (v3.2.4)

2024-05-06T00:23:49.218+05:30  INFO 26504 --- [Cart-Module] [           main] com.oms.CartModuleApplicationTests       : Starting CartModuleApplicationTests using Java 18 with PID 26504 (started by ramkd in C:\Users\ramkd\OneDrive\Desktop\OMS\Team_1_FSD-main\CartModule)
2024-05-06T00:23:49.219+05:30  INFO 26504 --- [Cart-Module] [           main] com.oms.CartModuleApplicationTests       : No active profile set, falling back to 1 default profile: "default"
2024-05-06T00:23:49.970+05:30  INFO 26504 --- [Cart-Module] [           main] .s.d.r.c.RepositoryConfigurationDelegate : Bootstrapping Spring Data JPA repositories in DEFAULT mode.
2024-05-06T00:23:50.095+05:30  INFO 26504 --- [Cart-Module] [           main] .s.d.r.c.RepositoryConfigurationDelegate : Finished Spring Data repository scanning in 119 ms. Found 1 JPA repository interface.
2024-05-06T00:23:50.366+05:30  INFO 26504 --- [Cart-Module] [           main] o.s.cloud.context.scope.GenericScope     : BeanFactory id=d6e94189-4362-3f62-b687-4114d347e39d
2024-05-06T00:23:50.543+05:30  WARN 26504 --- [Cart-Module] [           main] trationDelegate$BeanPostProcessorChecker : Bean 'org.springframework.cloud.client.loadbalancer.LoadBalancerAutoConfiguration$DeferringLoadBalancerInterceptorConfig' of type [org.springframework.cloud.client.loadbalancer.LoadBalancerAutoConfiguration$DeferringLoadBalancerInterceptorConfig] is not eligible for getting processed by all BeanPostProcessors (for example: not eligible for auto-proxying). The currently created BeanPostProcessor [lbRestClientPostProcessor] is declared through a non-static factory method on that class; consider declaring it as static instead.
2024-05-06T00:23:50.546+05:30  WARN 26504 --- [Cart-Module] [           main] trationDelegate$BeanPostProcessorChecker : Bean 'deferringLoadBalancerInterceptor' of type [org.springframework.cloud.client.loadbalancer.DeferringLoadBalancerInterceptor] is not eligible for getting processed by all BeanPostProcessors (for example: not eligible for auto-proxying). Is this bean getting eagerly injected into a currently created BeanPostProcessor [lbRestClientPostProcessor]? Check the corresponding BeanPostProcessor declaration and its dependencies.
2024-05-06T00:23:50.704+05:30  INFO 26504 --- [Cart-Module] [           main] o.hibernate.jpa.internal.util.LogHelper  : HHH000204: Processing PersistenceUnitInfo [name: default]
2024-05-06T00:23:50.778+05:30  INFO 26504 --- [Cart-Module] [           main] org.hibernate.Version                    : HHH000412: Hibernate ORM core version 6.4.4.Final
2024-05-06T00:23:50.822+05:30  INFO 26504 --- [Cart-Module] [           main] o.h.c.internal.RegionFactoryInitiator    : HHH000026: Second-level cache disabled
2024-05-06T00:23:51.098+05:30  INFO 26504 --- [Cart-Module] [           main] o.s.o.j.p.SpringPersistenceUnitInfo      : No LoadTimeWeaver setup: ignoring JPA class transformer
2024-05-06T00:23:51.127+05:30  INFO 26504 --- [Cart-Module] [           main] com.zaxxer.hikari.HikariDataSource       : oms_db - Starting...
2024-05-06T00:23:51.385+05:30  INFO 26504 --- [Cart-Module] [           main] com.zaxxer.hikari.pool.HikariPool        : oms_db - Added connection com.mysql.cj.jdbc.ConnectionImpl@f793f15
2024-05-06T00:23:51.387+05:30  INFO 26504 --- [Cart-Module] [           main] com.zaxxer.hikari.HikariDataSource       : oms_db - Start completed.
2024-05-06T00:23:51.444+05:30  WARN 26504 --- [Cart-Module] [           main] org.hibernate.orm.deprecation            : HHH90000025: MySQL8Dialect does not need to be specified explicitly using 'hibernate.dialect' (remove the property setting and it will be selected by default)
2024-05-06T00:23:51.446+05:30  WARN 26504 --- [Cart-Module] [           main] org.hibernate.orm.deprecation            : HHH90000026: MySQL8Dialect has been deprecated; use org.hibernate.dialect.MySQLDialect instead
2024-05-06T00:23:52.276+05:30  INFO 26504 --- [Cart-Module] [           main] o.h.e.t.j.p.i.JtaPlatformInitiator       : HHH000489: No JTA platform available (set 'hibernate.transaction.jta.platform' to enable JTA platform integration)
2024-05-06T00:23:52.356+05:30  INFO 26504 --- [Cart-Module] [           main] j.LocalContainerEntityManagerFactoryBean : Initialized JPA EntityManagerFactory for persistence unit 'default'
2024-05-06T00:23:52.967+05:30  WARN 26504 --- [Cart-Module] [           main] JpaBaseConfiguration$JpaWebConfiguration : spring.jpa.open-in-view is enabled by default. Therefore, database queries may be performed during view rendering. Explicitly configure spring.jpa.open-in-view to disable this warning
2024-05-06T00:23:53.689+05:30  INFO 26504 --- [Cart-Module] [           main] DiscoveryClientOptionalArgsConfiguration : Eureka HTTP Client uses RestTemplate.
2024-05-06T00:23:53.727+05:30  WARN 26504 --- [Cart-Module] [           main] iguration$LoadBalancerCaffeineWarnLogger : Spring Cloud LoadBalancer is currently working with the default cache. While this cache implementation is useful for development and tests, it's recommended to use Caffeine cache in production.You can switch to using Caffeine cache, by adding it and org.springframework.cache.caffeine.CaffeineCacheManager to the classpath.
2024-05-06T00:23:53.750+05:30  INFO 26504 --- [Cart-Module] [           main] o.s.c.n.eureka.InstanceInfoFactory       : Setting initial instance status as: STARTING
2024-05-06T00:23:53.831+05:30  INFO 26504 --- [Cart-Module] [           main] com.netflix.discovery.DiscoveryClient    : Initializing Eureka in region us-east-1
2024-05-06T00:23:53.835+05:30  INFO 26504 --- [Cart-Module] [           main] c.n.d.s.r.aws.ConfigClusterResolver      : Resolving eureka endpoints via configuration
2024-05-06T00:23:53.865+05:30  INFO 26504 --- [Cart-Module] [           main] com.netflix.discovery.DiscoveryClient    : Disable delta property : false
2024-05-06T00:23:53.865+05:30  INFO 26504 --- [Cart-Module] [           main] com.netflix.discovery.DiscoveryClient    : Single vip registry refresh property : null
2024-05-06T00:23:53.866+05:30  INFO 26504 --- [Cart-Module] [           main] com.netflix.discovery.DiscoveryClient    : Force full registry fetch : false
2024-05-06T00:23:53.866+05:30  INFO 26504 --- [Cart-Module] [           main] com.netflix.discovery.DiscoveryClient    : Application is null : false
2024-05-06T00:23:53.866+05:30  INFO 26504 --- [Cart-Module] [           main] com.netflix.discovery.DiscoveryClient    : Registered Applications size is zero : true
2024-05-06T00:23:53.866+05:30  INFO 26504 --- [Cart-Module] [           main] com.netflix.discovery.DiscoveryClient    : Application version is -1: true
2024-05-06T00:23:53.866+05:30  INFO 26504 --- [Cart-Module] [           main] com.netflix.discovery.DiscoveryClient    : Getting all instance registry info from the eureka server
2024-05-06T00:23:54.121+05:30  INFO 26504 --- [Cart-Module] [           main] com.netflix.discovery.DiscoveryClient    : The response status is 200
2024-05-06T00:23:54.123+05:30  INFO 26504 --- [Cart-Module] [           main] com.netflix.discovery.DiscoveryClient    : Starting heartbeat executor: renew interval is: 30
2024-05-06T00:23:54.125+05:30  INFO 26504 --- [Cart-Module] [           main] c.n.discovery.InstanceInfoReplicator     : InstanceInfoReplicator onDemand update allowed rate per min is 4
2024-05-06T00:23:54.129+05:30  INFO 26504 --- [Cart-Module] [           main] com.netflix.discovery.DiscoveryClient    : Discovery Client initialized at timestamp 1714935234129 with initial instances count: 1
2024-05-06T00:23:54.133+05:30  INFO 26504 --- [Cart-Module] [           main] o.s.c.n.e.s.EurekaServiceRegistry        : Registering application CART-MODULE with eureka with status UP
2024-05-06T00:23:54.134+05:30  INFO 26504 --- [Cart-Module] [           main] com.netflix.discovery.DiscoveryClient    : Saw local status change event StatusChangeEvent [timestamp=1714935234134, current=UP, previous=STARTING]
2024-05-06T00:23:54.137+05:30  INFO 26504 --- [Cart-Module] [nfoReplicator-0] com.netflix.discovery.DiscoveryClient    : DiscoveryClient_CART-MODULE/MSI:Cart-Module:9993: registering service...
2024-05-06T00:23:54.147+05:30  INFO 26504 --- [Cart-Module] [           main] com.oms.CartModuleApplicationTests       : Started CartModuleApplicationTests in 5.24 seconds (process running for 6.225)
2024-05-06T00:23:54.188+05:30  INFO 26504 --- [Cart-Module] [nfoReplicator-0] com.netflix.discovery.DiscoveryClient    : DiscoveryClient_CART-MODULE/MSI:Cart-Module:9993 - registration status: 204
]]></system-out>
  </testcase>
</testsuite>